<?xml version="1.0" encoding="UTF-8"?>
<coverage generated="1776349071352" clover="3.2.0">
  <project timestamp="1776349071352" name="All files">
    <metrics statements="23" coveredstatements="20" conditionals="4" coveredconditionals="3" methods="3" coveredmethods="1" elements="30" coveredelements="24" complexity="0" loc="23" ncloc="23" packages="2" files="2" classes="2"/>
    <package name="WebFlake">
      <metrics statements="14" coveredstatements="11" conditionals="2" coveredconditionals="1" methods="2" coveredmethods="0"/>
      <file name="server.js" path="/home/runner/work/WebFlake/WebFlake/server.js">
        <metrics statements="14" coveredstatements="11" conditionals="2" coveredconditionals="1" methods="2" coveredmethods="0"/>
        <line num="1" count="1" type="stmt"/>
        <line num="2" count="1" type="stmt"/>
        <line num="3" count="1" type="stmt"/>
        <line num="4" count="1" type="stmt"/>
        <line num="5" count="1" type="stmt"/>
        <line num="7" count="1" type="stmt"/>
        <line num="12" count="1" type="stmt"/>
        <line num="14" count="1" type="stmt"/>
        <line num="16" count="1" type="stmt"/>
        <line num="17" count="0" type="stmt"/>
        <line num="20" count="1" type="cond" truecount="1" falsecount="1"/>
        <line num="21" count="0" type="stmt"/>
        <line num="22" count="0" type="stmt"/>
        <line num="26" count="1" type="stmt"/>
      </file>
    </package>
    <package name="WebFlake.public">
      <metrics statements="9" coveredstatements="9" conditionals="2" coveredconditionals="2" methods="1" coveredmethods="1"/>
      <file name="script.js" path="/home/runner/work/WebFlake/WebFlake/public/script.js">
        <metrics statements="9" coveredstatements="9" conditionals="2" coveredconditionals="2" methods="1" coveredmethods="1"/>
        <line num="1" count="1" type="stmt"/>
        <line num="2" count="11" type="stmt"/>
        <line num="4" count="11" type="cond" truecount="2" falsecount="0"/>
        <line num="5" count="2" type="stmt"/>
        <line num="8" count="9" type="stmt"/>
        <line num="9" count="450" type="stmt"/>
        <line num="10" count="450" type="stmt"/>
        <line num="11" count="450" type="stmt"/>
        <line num="16" count="450" type="stmt"/>
      </file>
    </package>
  </project>
</coverage>
